<?xml version="1.0" encoding="UTF-8"?>
<testsuite xmlns:xsi="http://www.w3.org/2001/XMLSchema-instance" xsi:noNamespaceSchemaLocation="https://maven.apache.org/surefire/maven-surefire-plugin/xsd/surefire-test-report.xsd" name="com.leyton.services.ClientServiceTest" time="3.572" tests="1" errors="0" skipped="0" failures="0">
  <properties>
    <property name="java.specification.version" value="15"/>
    <property name="sun.cpu.isalist" value="amd64"/>
    <property name="sun.jnu.encoding" value="Cp1252"/>
    <property name="java.class.path" value="C:\Users\nezha\IdeaProjects\remiseAPI\target\test-classes;C:\Users\nezha\IdeaProjects\remiseAPI\target\classes;C:\Users\nezha\Documents\stage4\1ereEnv\maven\repository\org\slf4j\slf4j-api\1.7.26\slf4j-api-1.7.26.jar;C:\Users\nezha\Documents\stage4\1ereEnv\maven\repository\commons-io\commons-io\2.5\commons-io-2.5.jar;C:\Users\nezha\Documents\stage4\1ereEnv\maven\repository\ch\qos\logback\logback-core\1.2.3\logback-core-1.2.3.jar;C:\Users\nezha\Documents\stage4\1ereEnv\maven\repository\org\springframework\boot\spring-boot-starter-actuator\2.3.1.RELEASE\spring-boot-starter-actuator-2.3.1.RELEASE.jar;C:\Users\nezha\Documents\stage4\1ereEnv\maven\repository\org\springframework\boot\spring-boot-starter\2.3.1.RELEASE\spring-boot-starter-2.3.1.RELEASE.jar;C:\Users\nezha\Documents\stage4\1ereEnv\maven\repository\org\springframework\boot\spring-boot\2.3.1.RELEASE\spring-boot-2.3.1.RELEASE.jar;C:\Users\nezha\Documents\stage4\1ereEnv\maven\repository\org\springframework\boot\spring-boot-autoconfigure\2.3.1.RELEASE\spring-boot-autoconfigure-2.3.1.RELEASE.jar;C:\Users\nezha\Documents\stage4\1ereEnv\maven\repository\org\springframework\boot\spring-boot-starter-logging\2.3.1.RELEASE\spring-boot-starter-logging-2.3.1.RELEASE.jar;C:\Users\nezha\Documents\stage4\1ereEnv\maven\repository\ch\qos\logback\logback-classic\1.2.3\logback-classic-1.2.3.jar;C:\Users\nezha\Documents\stage4\1ereEnv\maven\repository\org\apache\logging\log4j\log4j-to-slf4j\2.13.3\log4j-to-slf4j-2.13.3.jar;C:\Users\nezha\Documents\stage4\1ereEnv\maven\repository\org\apache\logging\log4j\log4j-api\2.13.3\log4j-api-2.13.3.jar;C:\Users\nezha\Documents\stage4\1ereEnv\maven\repository\org\slf4j\jul-to-slf4j\1.7.30\jul-to-slf4j-1.7.30.jar;C:\Users\nezha\Documents\stage4\1ereEnv\maven\repository\jakarta\annotation\jakarta.annotation-api\1.3.5\jakarta.annotation-api-1.3.5.jar;C:\Users\nezha\Documents\stage4\1ereEnv\maven\repository\org\yaml\snakeyaml\1.26\snakeyaml-1.26.jar;C:\Users\nezha\Documents\stage4\1ereEnv\maven\repository\org\springframework\boot\spring-boot-actuator-autoconfigure\2.3.1.RELEASE\spring-boot-actuator-autoconfigure-2.3.1.RELEASE.jar;C:\Users\nezha\Documents\stage4\1ereEnv\maven\repository\org\springframework\boot\spring-boot-actuator\2.3.1.RELEASE\spring-boot-actuator-2.3.1.RELEASE.jar;C:\Users\nezha\Documents\stage4\1ereEnv\maven\repository\com\fasterxml\jackson\core\jackson-databind\2.11.0\jackson-databind-2.11.0.jar;C:\Users\nezha\Documents\stage4\1ereEnv\maven\repository\com\fasterxml\jackson\core\jackson-annotations\2.11.0\jackson-annotations-2.11.0.jar;C:\Users\nezha\Documents\stage4\1ereEnv\maven\repository\com\fasterxml\jackson\core\jackson-core\2.11.0\jackson-core-2.11.0.jar;C:\Users\nezha\Documents\stage4\1ereEnv\maven\repository\com\fasterxml\jackson\datatype\jackson-datatype-jsr310\2.11.0\jackson-datatype-jsr310-2.11.0.jar;C:\Users\nezha\Documents\stage4\1ereEnv\maven\repository\io\micrometer\micrometer-core\1.5.1\micrometer-core-1.5.1.jar;C:\Users\nezha\Documents\stage4\1ereEnv\maven\repository\org\hdrhistogram\HdrHistogram\2.1.12\HdrHistogram-2.1.12.jar;C:\Users\nezha\Documents\stage4\1ereEnv\maven\repository\org\latencyutils\LatencyUtils\2.0.3\LatencyUtils-2.0.3.jar;C:\Users\nezha\Documents\stage4\1ereEnv\maven\repository\org\springframework\boot\spring-boot-starter-web\2.3.1.RELEASE\spring-boot-starter-web-2.3.1.RELEASE.jar;C:\Users\nezha\Documents\stage4\1ereEnv\maven\repository\org\springframework\boot\spring-boot-starter-json\2.3.1.RELEASE\spring-boot-starter-json-2.3.1.RELEASE.jar;C:\Users\nezha\Documents\stage4\1ereEnv\maven\repository\com\fasterxml\jackson\datatype\jackson-datatype-jdk8\2.11.0\jackson-datatype-jdk8-2.11.0.jar;C:\Users\nezha\Documents\stage4\1ereEnv\maven\repository\com\fasterxml\jackson\module\jackson-module-parameter-names\2.11.0\jackson-module-parameter-names-2.11.0.jar;C:\Users\nezha\Documents\stage4\1ereEnv\maven\repository\org\springframework\boot\spring-boot-starter-tomcat\2.3.1.RELEASE\spring-boot-starter-tomcat-2.3.1.RELEASE.jar;C:\Users\nezha\Documents\stage4\1ereEnv\maven\repository\org\apache\tomcat\embed\tomcat-embed-core\9.0.36\tomcat-embed-core-9.0.36.jar;C:\Users\nezha\Documents\stage4\1ereEnv\maven\repository\org\glassfish\jakarta.el\3.0.3\jakarta.el-3.0.3.jar;C:\Users\nezha\Documents\stage4\1ereEnv\maven\repository\org\apache\tomcat\embed\tomcat-embed-websocket\9.0.36\tomcat-embed-websocket-9.0.36.jar;C:\Users\nezha\Documents\stage4\1ereEnv\maven\repository\org\springframework\spring-web\5.2.7.RELEASE\spring-web-5.2.7.RELEASE.jar;C:\Users\nezha\Documents\stage4\1ereEnv\maven\repository\org\springframework\spring-beans\5.2.7.RELEASE\spring-beans-5.2.7.RELEASE.jar;C:\Users\nezha\Documents\stage4\1ereEnv\maven\repository\org\springframework\spring-webmvc\5.2.7.RELEASE\spring-webmvc-5.2.7.RELEASE.jar;C:\Users\nezha\Documents\stage4\1ereEnv\maven\repository\org\springframework\spring-aop\5.2.7.RELEASE\spring-aop-5.2.7.RELEASE.jar;C:\Users\nezha\Documents\stage4\1ereEnv\maven\repository\org\springframework\spring-context\5.2.7.RELEASE\spring-context-5.2.7.RELEASE.jar;C:\Users\nezha\Documents\stage4\1ereEnv\maven\repository\org\springframework\spring-expression\5.2.7.RELEASE\spring-expression-5.2.7.RELEASE.jar;C:\Users\nezha\Documents\stage4\1ereEnv\maven\repository\org\springframework\boot\spring-boot-starter-test\2.3.1.RELEASE\spring-boot-starter-test-2.3.1.RELEASE.jar;C:\Users\nezha\Documents\stage4\1ereEnv\maven\repository\org\springframework\boot\spring-boot-test\2.3.1.RELEASE\spring-boot-test-2.3.1.RELEASE.jar;C:\Users\nezha\Documents\stage4\1ereEnv\maven\repository\org\springframework\boot\spring-boot-test-autoconfigure\2.3.1.RELEASE\spring-boot-test-autoconfigure-2.3.1.RELEASE.jar;C:\Users\nezha\Documents\stage4\1ereEnv\maven\repository\com\jayway\jsonpath\json-path\2.4.0\json-path-2.4.0.jar;C:\Users\nezha\Documents\stage4\1ereEnv\maven\repository\net\minidev\json-smart\2.3\json-smart-2.3.jar;C:\Users\nezha\Documents\stage4\1ereEnv\maven\repository\net\minidev\accessors-smart\1.2\accessors-smart-1.2.jar;C:\Users\nezha\Documents\stage4\1ereEnv\maven\repository\org\ow2\asm\asm\5.0.4\asm-5.0.4.jar;C:\Users\nezha\Documents\stage4\1ereEnv\maven\repository\jakarta\xml\bind\jakarta.xml.bind-api\2.3.3\jakarta.xml.bind-api-2.3.3.jar;C:\Users\nezha\Documents\stage4\1ereEnv\maven\repository\jakarta\activation\jakarta.activation-api\1.2.2\jakarta.activation-api-1.2.2.jar;C:\Users\nezha\Documents\stage4\1ereEnv\maven\repository\org\assertj\assertj-core\3.16.1\assertj-core-3.16.1.jar;C:\Users\nezha\Documents\stage4\1ereEnv\maven\repository\org\hamcrest\hamcrest\2.2\hamcrest-2.2.jar;C:\Users\nezha\Documents\stage4\1ereEnv\maven\repository\org\junit\jupiter\junit-jupiter\5.6.2\junit-jupiter-5.6.2.jar;C:\Users\nezha\Documents\stage4\1ereEnv\maven\repository\org\junit\jupiter\junit-jupiter-api\5.6.2\junit-jupiter-api-5.6.2.jar;C:\Users\nezha\Documents\stage4\1ereEnv\maven\repository\org\opentest4j\opentest4j\1.2.0\opentest4j-1.2.0.jar;C:\Users\nezha\Documents\stage4\1ereEnv\maven\repository\org\junit\platform\junit-platform-commons\1.6.2\junit-platform-commons-1.6.2.jar;C:\Users\nezha\Documents\stage4\1ereEnv\maven\repository\org\junit\jupiter\junit-jupiter-params\5.6.2\junit-jupiter-params-5.6.2.jar;C:\Users\nezha\Documents\stage4\1ereEnv\maven\repository\org\junit\jupiter\junit-jupiter-engine\5.6.2\junit-jupiter-engine-5.6.2.jar;C:\Users\nezha\Documents\stage4\1ereEnv\maven\repository\org\junit\vintage\junit-vintage-engine\5.6.2\junit-vintage-engine-5.6.2.jar;C:\Users\nezha\Documents\stage4\1ereEnv\maven\repository\org\apiguardian\apiguardian-api\1.1.0\apiguardian-api-1.1.0.jar;C:\Users\nezha\Documents\stage4\1ereEnv\maven\repository\org\junit\platform\junit-platform-engine\1.6.2\junit-platform-engine-1.6.2.jar;C:\Users\nezha\Documents\stage4\1ereEnv\maven\repository\junit\junit\4.13\junit-4.13.jar;C:\Users\nezha\Documents\stage4\1ereEnv\maven\repository\org\mockito\mockito-core\3.3.3\mockito-core-3.3.3.jar;C:\Users\nezha\Documents\stage4\1ereEnv\maven\repository\net\bytebuddy\byte-buddy\1.10.11\byte-buddy-1.10.11.jar;C:\Users\nezha\Documents\stage4\1ereEnv\maven\repository\net\bytebuddy\byte-buddy-agent\1.10.11\byte-buddy-agent-1.10.11.jar;C:\Users\nezha\Documents\stage4\1ereEnv\maven\repository\org\objenesis\objenesis\2.6\objenesis-2.6.jar;C:\Users\nezha\Documents\stage4\1ereEnv\maven\repository\org\mockito\mockito-junit-jupiter\3.3.3\mockito-junit-jupiter-3.3.3.jar;C:\Users\nezha\Documents\stage4\1ereEnv\maven\repository\org\skyscreamer\jsonassert\1.5.0\jsonassert-1.5.0.jar;C:\Users\nezha\Documents\stage4\1ereEnv\maven\repository\com\vaadin\external\google\android-json\0.0.20131108.vaadin1\android-json-0.0.20131108.vaadin1.jar;C:\Users\nezha\Documents\stage4\1ereEnv\maven\repository\org\springframework\spring-core\5.2.7.RELEASE\spring-core-5.2.7.RELEASE.jar;C:\Users\nezha\Documents\stage4\1ereEnv\maven\repository\org\springframework\spring-jcl\5.2.7.RELEASE\spring-jcl-5.2.7.RELEASE.jar;C:\Users\nezha\Documents\stage4\1ereEnv\maven\repository\org\springframework\spring-test\5.2.7.RELEASE\spring-test-5.2.7.RELEASE.jar;C:\Users\nezha\Documents\stage4\1ereEnv\maven\repository\org\xmlunit\xmlunit-core\2.7.0\xmlunit-core-2.7.0.jar;"/>
    <property name="java.vm.vendor" value="Oracle Corporation"/>
    <property name="sun.arch.data.model" value="64"/>
    <property name="user.variant" value=""/>
    <property name="java.vendor.url" value="https://java.oracle.com/"/>
    <property name="user.timezone" value="Africa/Casablanca"/>
    <property name="os.name" value="Windows 10"/>
    <property name="java.vm.specification.version" value="15"/>
    <property name="sun.java.launcher" value="SUN_STANDARD"/>
    <property name="user.country" value="FR"/>
    <property name="sun.boot.library.path" value="C:\Program Files\Java\jdk-15.0.1\bin"/>
    <property name="sun.java.command" value="C:\Users\nezha\AppData\Local\Temp\surefire3591125461287777829\surefirebooter18215703450248080165.jar C:\Users\nezha\AppData\Local\Temp\surefire3591125461287777829 2021-07-27T20-15-23_505-jvmRun1 surefire2798810220173599002tmp surefire_01035169995994786718tmp"/>
    <property name="jdk.debug" value="release"/>
    <property name="surefire.test.class.path" value="C:\Users\nezha\IdeaProjects\remiseAPI\target\test-classes;C:\Users\nezha\IdeaProjects\remiseAPI\target\classes;C:\Users\nezha\Documents\stage4\1ereEnv\maven\repository\org\slf4j\slf4j-api\1.7.26\slf4j-api-1.7.26.jar;C:\Users\nezha\Documents\stage4\1ereEnv\maven\repository\commons-io\commons-io\2.5\commons-io-2.5.jar;C:\Users\nezha\Documents\stage4\1ereEnv\maven\repository\ch\qos\logback\logback-core\1.2.3\logback-core-1.2.3.jar;C:\Users\nezha\Documents\stage4\1ereEnv\maven\repository\org\springframework\boot\spring-boot-starter-actuator\2.3.1.RELEASE\spring-boot-starter-actuator-2.3.1.RELEASE.jar;C:\Users\nezha\Documents\stage4\1ereEnv\maven\repository\org\springframework\boot\spring-boot-starter\2.3.1.RELEASE\spring-boot-starter-2.3.1.RELEASE.jar;C:\Users\nezha\Documents\stage4\1ereEnv\maven\repository\org\springframework\boot\spring-boot\2.3.1.RELEASE\spring-boot-2.3.1.RELEASE.jar;C:\Users\nezha\Documents\stage4\1ereEnv\maven\repository\org\springframework\boot\spring-boot-autoconfigure\2.3.1.RELEASE\spring-boot-autoconfigure-2.3.1.RELEASE.jar;C:\Users\nezha\Documents\stage4\1ereEnv\maven\repository\org\springframework\boot\spring-boot-starter-logging\2.3.1.RELEASE\spring-boot-starter-logging-2.3.1.RELEASE.jar;C:\Users\nezha\Documents\stage4\1ereEnv\maven\repository\ch\qos\logback\logback-classic\1.2.3\logback-classic-1.2.3.jar;C:\Users\nezha\Documents\stage4\1ereEnv\maven\repository\org\apache\logging\log4j\log4j-to-slf4j\2.13.3\log4j-to-slf4j-2.13.3.jar;C:\Users\nezha\Documents\stage4\1ereEnv\maven\repository\org\apache\logging\log4j\log4j-api\2.13.3\log4j-api-2.13.3.jar;C:\Users\nezha\Documents\stage4\1ereEnv\maven\repository\org\slf4j\jul-to-slf4j\1.7.30\jul-to-slf4j-1.7.30.jar;C:\Users\nezha\Documents\stage4\1ereEnv\maven\repository\jakarta\annotation\jakarta.annotation-api\1.3.5\jakarta.annotation-api-1.3.5.jar;C:\Users\nezha\Documents\stage4\1ereEnv\maven\repository\org\yaml\snakeyaml\1.26\snakeyaml-1.26.jar;C:\Users\nezha\Documents\stage4\1ereEnv\maven\repository\org\springframework\boot\spring-boot-actuator-autoconfigure\2.3.1.RELEASE\spring-boot-actuator-autoconfigure-2.3.1.RELEASE.jar;C:\Users\nezha\Documents\stage4\1ereEnv\maven\repository\org\springframework\boot\spring-boot-actuator\2.3.1.RELEASE\spring-boot-actuator-2.3.1.RELEASE.jar;C:\Users\nezha\Documents\stage4\1ereEnv\maven\repository\com\fasterxml\jackson\core\jackson-databind\2.11.0\jackson-databind-2.11.0.jar;C:\Users\nezha\Documents\stage4\1ereEnv\maven\repository\com\fasterxml\jackson\core\jackson-annotations\2.11.0\jackson-annotations-2.11.0.jar;C:\Users\nezha\Documents\stage4\1ereEnv\maven\repository\com\fasterxml\jackson\core\jackson-core\2.11.0\jackson-core-2.11.0.jar;C:\Users\nezha\Documents\stage4\1ereEnv\maven\repository\com\fasterxml\jackson\datatype\jackson-datatype-jsr310\2.11.0\jackson-datatype-jsr310-2.11.0.jar;C:\Users\nezha\Documents\stage4\1ereEnv\maven\repository\io\micrometer\micrometer-core\1.5.1\micrometer-core-1.5.1.jar;C:\Users\nezha\Documents\stage4\1ereEnv\maven\repository\org\hdrhistogram\HdrHistogram\2.1.12\HdrHistogram-2.1.12.jar;C:\Users\nezha\Documents\stage4\1ereEnv\maven\repository\org\latencyutils\LatencyUtils\2.0.3\LatencyUtils-2.0.3.jar;C:\Users\nezha\Documents\stage4\1ereEnv\maven\repository\org\springframework\boot\spring-boot-starter-web\2.3.1.RELEASE\spring-boot-starter-web-2.3.1.RELEASE.jar;C:\Users\nezha\Documents\stage4\1ereEnv\maven\repository\org\springframework\boot\spring-boot-starter-json\2.3.1.RELEASE\spring-boot-starter-json-2.3.1.RELEASE.jar;C:\Users\nezha\Documents\stage4\1ereEnv\maven\repository\com\fasterxml\jackson\datatype\jackson-datatype-jdk8\2.11.0\jackson-datatype-jdk8-2.11.0.jar;C:\Users\nezha\Documents\stage4\1ereEnv\maven\repository\com\fasterxml\jackson\module\jackson-module-parameter-names\2.11.0\jackson-module-parameter-names-2.11.0.jar;C:\Users\nezha\Documents\stage4\1ereEnv\maven\repository\org\springframework\boot\spring-boot-starter-tomcat\2.3.1.RELEASE\spring-boot-starter-tomcat-2.3.1.RELEASE.jar;C:\Users\nezha\Documents\stage4\1ereEnv\maven\repository\org\apache\tomcat\embed\tomcat-embed-core\9.0.36\tomcat-embed-core-9.0.36.jar;C:\Users\nezha\Documents\stage4\1ereEnv\maven\repository\org\glassfish\jakarta.el\3.0.3\jakarta.el-3.0.3.jar;C:\Users\nezha\Documents\stage4\1ereEnv\maven\repository\org\apache\tomcat\embed\tomcat-embed-websocket\9.0.36\tomcat-embed-websocket-9.0.36.jar;C:\Users\nezha\Documents\stage4\1ereEnv\maven\repository\org\springframework\spring-web\5.2.7.RELEASE\spring-web-5.2.7.RELEASE.jar;C:\Users\nezha\Documents\stage4\1ereEnv\maven\repository\org\springframework\spring-beans\5.2.7.RELEASE\spring-beans-5.2.7.RELEASE.jar;C:\Users\nezha\Documents\stage4\1ereEnv\maven\repository\org\springframework\spring-webmvc\5.2.7.RELEASE\spring-webmvc-5.2.7.RELEASE.jar;C:\Users\nezha\Documents\stage4\1ereEnv\maven\repository\org\springframework\spring-aop\5.2.7.RELEASE\spring-aop-5.2.7.RELEASE.jar;C:\Users\nezha\Documents\stage4\1ereEnv\maven\repository\org\springframework\spring-context\5.2.7.RELEASE\spring-context-5.2.7.RELEASE.jar;C:\Users\nezha\Documents\stage4\1ereEnv\maven\repository\org\springframework\spring-expression\5.2.7.RELEASE\spring-expression-5.2.7.RELEASE.jar;C:\Users\nezha\Documents\stage4\1ereEnv\maven\repository\org\springframework\boot\spring-boot-starter-test\2.3.1.RELEASE\spring-boot-starter-test-2.3.1.RELEASE.jar;C:\Users\nezha\Documents\stage4\1ereEnv\maven\repository\org\springframework\boot\spring-boot-test\2.3.1.RELEASE\spring-boot-test-2.3.1.RELEASE.jar;C:\Users\nezha\Documents\stage4\1ereEnv\maven\repository\org\springframework\boot\spring-boot-test-autoconfigure\2.3.1.RELEASE\spring-boot-test-autoconfigure-2.3.1.RELEASE.jar;C:\Users\nezha\Documents\stage4\1ereEnv\maven\repository\com\jayway\jsonpath\json-path\2.4.0\json-path-2.4.0.jar;C:\Users\nezha\Documents\stage4\1ereEnv\maven\repository\net\minidev\json-smart\2.3\json-smart-2.3.jar;C:\Users\nezha\Documents\stage4\1ereEnv\maven\repository\net\minidev\accessors-smart\1.2\accessors-smart-1.2.jar;C:\Users\nezha\Documents\stage4\1ereEnv\maven\repository\org\ow2\asm\asm\5.0.4\asm-5.0.4.jar;C:\Users\nezha\Documents\stage4\1ereEnv\maven\repository\jakarta\xml\bind\jakarta.xml.bind-api\2.3.3\jakarta.xml.bind-api-2.3.3.jar;C:\Users\nezha\Documents\stage4\1ereEnv\maven\repository\jakarta\activation\jakarta.activation-api\1.2.2\jakarta.activation-api-1.2.2.jar;C:\Users\nezha\Documents\stage4\1ereEnv\maven\repository\org\assertj\assertj-core\3.16.1\assertj-core-3.16.1.jar;C:\Users\nezha\Documents\stage4\1ereEnv\maven\repository\org\hamcrest\hamcrest\2.2\hamcrest-2.2.jar;C:\Users\nezha\Documents\stage4\1ereEnv\maven\repository\org\junit\jupiter\junit-jupiter\5.6.2\junit-jupiter-5.6.2.jar;C:\Users\nezha\Documents\stage4\1ereEnv\maven\repository\org\junit\jupiter\junit-jupiter-api\5.6.2\junit-jupiter-api-5.6.2.jar;C:\Users\nezha\Documents\stage4\1ereEnv\maven\repository\org\opentest4j\opentest4j\1.2.0\opentest4j-1.2.0.jar;C:\Users\nezha\Documents\stage4\1ereEnv\maven\repository\org\junit\platform\junit-platform-commons\1.6.2\junit-platform-commons-1.6.2.jar;C:\Users\nezha\Documents\stage4\1ereEnv\maven\repository\org\junit\jupiter\junit-jupiter-params\5.6.2\junit-jupiter-params-5.6.2.jar;C:\Users\nezha\Documents\stage4\1ereEnv\maven\repository\org\junit\jupiter\junit-jupiter-engine\5.6.2\junit-jupiter-engine-5.6.2.jar;C:\Users\nezha\Documents\stage4\1ereEnv\maven\repository\org\junit\vintage\junit-vintage-engine\5.6.2\junit-vintage-engine-5.6.2.jar;C:\Users\nezha\Documents\stage4\1ereEnv\maven\repository\org\apiguardian\apiguardian-api\1.1.0\apiguardian-api-1.1.0.jar;C:\Users\nezha\Documents\stage4\1ereEnv\maven\repository\org\junit\platform\junit-platform-engine\1.6.2\junit-platform-engine-1.6.2.jar;C:\Users\nezha\Documents\stage4\1ereEnv\maven\repository\junit\junit\4.13\junit-4.13.jar;C:\Users\nezha\Documents\stage4\1ereEnv\maven\repository\org\mockito\mockito-core\3.3.3\mockito-core-3.3.3.jar;C:\Users\nezha\Documents\stage4\1ereEnv\maven\repository\net\bytebuddy\byte-buddy\1.10.11\byte-buddy-1.10.11.jar;C:\Users\nezha\Documents\stage4\1ereEnv\maven\repository\net\bytebuddy\byte-buddy-agent\1.10.11\byte-buddy-agent-1.10.11.jar;C:\Users\nezha\Documents\stage4\1ereEnv\maven\repository\org\objenesis\objenesis\2.6\objenesis-2.6.jar;C:\Users\nezha\Documents\stage4\1ereEnv\maven\repository\org\mockito\mockito-junit-jupiter\3.3.3\mockito-junit-jupiter-3.3.3.jar;C:\Users\nezha\Documents\stage4\1ereEnv\maven\repository\org\skyscreamer\jsonassert\1.5.0\jsonassert-1.5.0.jar;C:\Users\nezha\Documents\stage4\1ereEnv\maven\repository\com\vaadin\external\google\android-json\0.0.20131108.vaadin1\android-json-0.0.20131108.vaadin1.jar;C:\Users\nezha\Documents\stage4\1ereEnv\maven\repository\org\springframework\spring-core\5.2.7.RELEASE\spring-core-5.2.7.RELEASE.jar;C:\Users\nezha\Documents\stage4\1ereEnv\maven\repository\org\springframework\spring-jcl\5.2.7.RELEASE\spring-jcl-5.2.7.RELEASE.jar;C:\Users\nezha\Documents\stage4\1ereEnv\maven\repository\org\springframework\spring-test\5.2.7.RELEASE\spring-test-5.2.7.RELEASE.jar;C:\Users\nezha\Documents\stage4\1ereEnv\maven\repository\org\xmlunit\xmlunit-core\2.7.0\xmlunit-core-2.7.0.jar;"/>
    <property name="sun.cpu.endian" value="little"/>
    <property name="user.home" value="C:\Users\nezha"/>
    <property name="user.language" value="fr"/>
    <property name="java.specification.vendor" value="Oracle Corporation"/>
    <property name="java.version.date" value="2020-10-20"/>
    <property name="java.home" value="C:\Program Files\Java\jdk-15.0.1"/>
    <property name="file.separator" value="\"/>
    <property name="basedir" value="C:\Users\nezha\IdeaProjects\remiseAPI"/>
    <property name="java.vm.compressedOopsMode" value="32-bit"/>
    <property name="line.separator" value="&#10;"/>
    <property name="java.vm.specification.vendor" value="Oracle Corporation"/>
    <property name="java.specification.name" value="Java Platform API Specification"/>
    <property name="surefire.real.class.path" value="C:\Users\nezha\AppData\Local\Temp\surefire3591125461287777829\surefirebooter18215703450248080165.jar"/>
    <property name="user.script" value=""/>
    <property name="sun.management.compiler" value="HotSpot 64-Bit Tiered Compilers"/>
    <property name="java.runtime.version" value="15.0.1+9-18"/>
    <property name="user.name" value="nezha"/>
    <property name="path.separator" value=";"/>
    <property name="os.version" value="10.0"/>
    <property name="java.runtime.name" value="Java(TM) SE Runtime Environment"/>
    <property name="file.encoding" value="Cp1252"/>
    <property name="java.vm.name" value="Java HotSpot(TM) 64-Bit Server VM"/>
    <property name="localRepository" value="C:\Users\nezha\Documents\stage4\1ereEnv\maven\repository"/>
    <property name="java.vendor.url.bug" value="https://bugreport.java.com/bugreport/"/>
    <property name="java.io.tmpdir" value="C:\Users\nezha\AppData\Local\Temp\"/>
    <property name="idea.version" value="2021.1"/>
    <property name="java.version" value="15.0.1"/>
    <property name="user.dir" value="C:\Users\nezha\IdeaProjects\remiseAPI"/>
    <property name="os.arch" value="amd64"/>
    <property name="java.vm.specification.name" value="Java Virtual Machine Specification"/>
    <property name="sun.os.patch.level" value=""/>
    <property name="java.library.path" value="C:\Program Files\Java\jdk-15.0.1\bin;C:\WINDOWS\Sun\Java\bin;C:\WINDOWS\system32;C:\WINDOWS;C:\Program Files\Common Files\Oracle\Java\javapath;C:\oraclexe\app\oracle\product\11.2.0\server\bin;C:\Program Files (x86)\Common Files\Oracle\Java\javapath;C:\Windows\system32;C:\Windows;C:\Windows\System32\Wbem;C:\Windows\System32\WindowsPowerShell\v1.0\;C:\Windows\System32\OpenSSH\;C:\Program Files (x86)\NVIDIA Corporation\PhysX\Common;C:\Program Files\NVIDIA Corporation\NVIDIA NvDLISR;C:\Program Files (x86)\Microsoft SQL Server\140\Tools\Binn\;C:\Program Files\Microsoft SQL Server\140\Tools\Binn\;C:\Program Files (x86)\Microsoft SQL Server\140\DTS\Binn\;C:\Program Files\Microsoft SQL Server\140\DTS\Binn\;C:\Program Files\Microsoft SQL Server\Client SDK\ODBC\130\Tools\Binn\;C:\Program Files (x86)\Microsoft SQL Server\150\DTS\Binn\;C:\xampp\php;C:\ProgramData\ComposerSetup\bin;C:\Program Files\dotnet\;C:\Program Files\Git\cmd;C:\Program Files\Git\mingw64\bin;C:\Program Files\Git\usr\bin;C:\Program Files\nodejs\;C:\Users\nezha\Documents\stage4\1ereEnv\maven\apache-maven-3.6.3\bin;C:\Users\nezha\Documents\stage4\1ereEnv\Java\jdk1.8.0_211;C:\WINDOWS\system32;C:\WINDOWS;C:\WINDOWS\System32\Wbem;C:\WINDOWS\System32\WindowsPowerShell\v1.0\;C:\WINDOWS\System32\OpenSSH\;C:\Users\nezha\AppData\Local\Programs\Python\Python37\Scripts\;C:\Users\nezha\AppData\Local\Programs\Python\Python37\;C:\Users\nezha\AppData\Local\Microsoft\WindowsApps;C:\Users\nezha\AppData\Local\Programs\Microsoft VS Code\bin;C:\cygwin64\cygwin64\bin;C:\Users\nezha\AppData\Roaming\Composer\vendor\bin;C:\Program Files\Java\jdk1.8.0_261\bin;C:\Users\nezha\.dotnet\tools;C:\Users\nezha\AppData\Roaming\npm;;C:\Program Files\JetBrains\IntelliJ IDEA 2021.1\bin;;."/>
    <property name="java.vm.info" value="mixed mode, sharing"/>
    <property name="java.vendor" value="Oracle Corporation"/>
    <property name="java.vm.version" value="15.0.1+9-18"/>
    <property name="sun.io.unicode.encoding" value="UnicodeLittle"/>
    <property name="java.class.version" value="59.0"/>
  </properties>
  <testcase name="importClientTest" classname="com.leyton.services.ClientServiceTest" time="0.532"/>
</testsuite>