<?xml version="1.0" encoding="UTF-8"?>
<testsuite xmlns:xsi="http://www.w3.org/2001/XMLSchema-instance" xsi:noNamespaceSchemaLocation="https://maven.apache.org/surefire/maven-surefire-plugin/xsd/surefire-test-report.xsd" name="com.leyton.utils.DiscountUtilsTest" time="2.235" tests="6" errors="0" skipped="0" failures="0">
  <properties>
    <property name="sun.desktop" value="gnome"/>
    <property name="awt.toolkit" value="sun.awt.X11.XToolkit"/>
    <property name="file.encoding.pkg" value="sun.io"/>
    <property name="java.specification.version" value="1.8"/>
    <property name="sun.cpu.isalist" value=""/>
    <property name="sun.jnu.encoding" value="UTF-8"/>
    <property name="java.class.path" value="/home/rimnez/ImportFileAPI/target/test-classes:/home/rimnez/ImportFileAPI/target/classes:/home/rimnez/.m2/repository/org/slf4j/slf4j-api/1.7.26/slf4j-api-1.7.26.jar:/home/rimnez/.m2/repository/commons-io/commons-io/2.5/commons-io-2.5.jar:/home/rimnez/.m2/repository/ch/qos/logback/logback-core/1.2.3/logback-core-1.2.3.jar:/home/rimnez/.m2/repository/org/springframework/boot/spring-boot-starter-web/2.3.1.RELEASE/spring-boot-starter-web-2.3.1.RELEASE.jar:/home/rimnez/.m2/repository/org/springframework/boot/spring-boot-starter/2.3.1.RELEASE/spring-boot-starter-2.3.1.RELEASE.jar:/home/rimnez/.m2/repository/org/springframework/boot/spring-boot/2.3.1.RELEASE/spring-boot-2.3.1.RELEASE.jar:/home/rimnez/.m2/repository/org/springframework/boot/spring-boot-autoconfigure/2.3.1.RELEASE/spring-boot-autoconfigure-2.3.1.RELEASE.jar:/home/rimnez/.m2/repository/org/springframework/boot/spring-boot-starter-logging/2.3.1.RELEASE/spring-boot-starter-logging-2.3.1.RELEASE.jar:/home/rimnez/.m2/repository/ch/qos/logback/logback-classic/1.2.3/logback-classic-1.2.3.jar:/home/rimnez/.m2/repository/org/apache/logging/log4j/log4j-to-slf4j/2.13.3/log4j-to-slf4j-2.13.3.jar:/home/rimnez/.m2/repository/org/apache/logging/log4j/log4j-api/2.13.3/log4j-api-2.13.3.jar:/home/rimnez/.m2/repository/org/slf4j/jul-to-slf4j/1.7.30/jul-to-slf4j-1.7.30.jar:/home/rimnez/.m2/repository/jakarta/annotation/jakarta.annotation-api/1.3.5/jakarta.annotation-api-1.3.5.jar:/home/rimnez/.m2/repository/org/yaml/snakeyaml/1.26/snakeyaml-1.26.jar:/home/rimnez/.m2/repository/org/springframework/boot/spring-boot-starter-json/2.3.1.RELEASE/spring-boot-starter-json-2.3.1.RELEASE.jar:/home/rimnez/.m2/repository/com/fasterxml/jackson/core/jackson-databind/2.11.0/jackson-databind-2.11.0.jar:/home/rimnez/.m2/repository/com/fasterxml/jackson/core/jackson-annotations/2.11.0/jackson-annotations-2.11.0.jar:/home/rimnez/.m2/repository/com/fasterxml/jackson/datatype/jackson-datatype-jdk8/2.11.0/jackson-datatype-jdk8-2.11.0.jar:/home/rimnez/.m2/repository/com/fasterxml/jackson/datatype/jackson-datatype-jsr310/2.11.0/jackson-datatype-jsr310-2.11.0.jar:/home/rimnez/.m2/repository/com/fasterxml/jackson/module/jackson-module-parameter-names/2.11.0/jackson-module-parameter-names-2.11.0.jar:/home/rimnez/.m2/repository/org/springframework/boot/spring-boot-starter-tomcat/2.3.1.RELEASE/spring-boot-starter-tomcat-2.3.1.RELEASE.jar:/home/rimnez/.m2/repository/org/apache/tomcat/embed/tomcat-embed-core/9.0.36/tomcat-embed-core-9.0.36.jar:/home/rimnez/.m2/repository/org/glassfish/jakarta.el/3.0.3/jakarta.el-3.0.3.jar:/home/rimnez/.m2/repository/org/apache/tomcat/embed/tomcat-embed-websocket/9.0.36/tomcat-embed-websocket-9.0.36.jar:/home/rimnez/.m2/repository/org/springframework/spring-web/5.2.7.RELEASE/spring-web-5.2.7.RELEASE.jar:/home/rimnez/.m2/repository/org/springframework/spring-beans/5.2.7.RELEASE/spring-beans-5.2.7.RELEASE.jar:/home/rimnez/.m2/repository/org/springframework/spring-webmvc/5.2.7.RELEASE/spring-webmvc-5.2.7.RELEASE.jar:/home/rimnez/.m2/repository/org/springframework/spring-aop/5.2.7.RELEASE/spring-aop-5.2.7.RELEASE.jar:/home/rimnez/.m2/repository/org/springframework/spring-context/5.2.7.RELEASE/spring-context-5.2.7.RELEASE.jar:/home/rimnez/.m2/repository/org/springframework/spring-expression/5.2.7.RELEASE/spring-expression-5.2.7.RELEASE.jar:/home/rimnez/.m2/repository/org/springframework/boot/spring-boot-starter-test/2.3.1.RELEASE/spring-boot-starter-test-2.3.1.RELEASE.jar:/home/rimnez/.m2/repository/org/springframework/boot/spring-boot-test/2.3.1.RELEASE/spring-boot-test-2.3.1.RELEASE.jar:/home/rimnez/.m2/repository/org/springframework/boot/spring-boot-test-autoconfigure/2.3.1.RELEASE/spring-boot-test-autoconfigure-2.3.1.RELEASE.jar:/home/rimnez/.m2/repository/com/jayway/jsonpath/json-path/2.4.0/json-path-2.4.0.jar:/home/rimnez/.m2/repository/net/minidev/json-smart/2.3/json-smart-2.3.jar:/home/rimnez/.m2/repository/net/minidev/accessors-smart/1.2/accessors-smart-1.2.jar:/home/rimnez/.m2/repository/org/ow2/asm/asm/5.0.4/asm-5.0.4.jar:/home/rimnez/.m2/repository/jakarta/xml/bind/jakarta.xml.bind-api/2.3.3/jakarta.xml.bind-api-2.3.3.jar:/home/rimnez/.m2/repository/jakarta/activation/jakarta.activation-api/1.2.2/jakarta.activation-api-1.2.2.jar:/home/rimnez/.m2/repository/org/assertj/assertj-core/3.16.1/assertj-core-3.16.1.jar:/home/rimnez/.m2/repository/org/hamcrest/hamcrest/2.2/hamcrest-2.2.jar:/home/rimnez/.m2/repository/org/junit/jupiter/junit-jupiter/5.6.2/junit-jupiter-5.6.2.jar:/home/rimnez/.m2/repository/org/junit/jupiter/junit-jupiter-api/5.6.2/junit-jupiter-api-5.6.2.jar:/home/rimnez/.m2/repository/org/opentest4j/opentest4j/1.2.0/opentest4j-1.2.0.jar:/home/rimnez/.m2/repository/org/junit/platform/junit-platform-commons/1.6.2/junit-platform-commons-1.6.2.jar:/home/rimnez/.m2/repository/org/junit/jupiter/junit-jupiter-params/5.6.2/junit-jupiter-params-5.6.2.jar:/home/rimnez/.m2/repository/org/junit/jupiter/junit-jupiter-engine/5.6.2/junit-jupiter-engine-5.6.2.jar:/home/rimnez/.m2/repository/org/junit/vintage/junit-vintage-engine/5.6.2/junit-vintage-engine-5.6.2.jar:/home/rimnez/.m2/repository/org/apiguardian/apiguardian-api/1.1.0/apiguardian-api-1.1.0.jar:/home/rimnez/.m2/repository/org/junit/platform/junit-platform-engine/1.6.2/junit-platform-engine-1.6.2.jar:/home/rimnez/.m2/repository/junit/junit/4.13/junit-4.13.jar:/home/rimnez/.m2/repository/org/mockito/mockito-core/3.3.3/mockito-core-3.3.3.jar:/home/rimnez/.m2/repository/net/bytebuddy/byte-buddy/1.10.11/byte-buddy-1.10.11.jar:/home/rimnez/.m2/repository/net/bytebuddy/byte-buddy-agent/1.10.11/byte-buddy-agent-1.10.11.jar:/home/rimnez/.m2/repository/org/objenesis/objenesis/2.6/objenesis-2.6.jar:/home/rimnez/.m2/repository/org/mockito/mockito-junit-jupiter/3.3.3/mockito-junit-jupiter-3.3.3.jar:/home/rimnez/.m2/repository/org/skyscreamer/jsonassert/1.5.0/jsonassert-1.5.0.jar:/home/rimnez/.m2/repository/com/vaadin/external/google/android-json/0.0.20131108.vaadin1/android-json-0.0.20131108.vaadin1.jar:/home/rimnez/.m2/repository/org/springframework/spring-core/5.2.7.RELEASE/spring-core-5.2.7.RELEASE.jar:/home/rimnez/.m2/repository/org/springframework/spring-jcl/5.2.7.RELEASE/spring-jcl-5.2.7.RELEASE.jar:/home/rimnez/.m2/repository/org/springframework/spring-test/5.2.7.RELEASE/spring-test-5.2.7.RELEASE.jar:/home/rimnez/.m2/repository/org/xmlunit/xmlunit-core/2.7.0/xmlunit-core-2.7.0.jar:/home/rimnez/.m2/repository/org/springframework/boot/spring-boot-starter-data-elasticsearch/2.3.1.RELEASE/spring-boot-starter-data-elasticsearch-2.3.1.RELEASE.jar:/home/rimnez/.m2/repository/org/springframework/data/spring-data-elasticsearch/4.0.1.RELEASE/spring-data-elasticsearch-4.0.1.RELEASE.jar:/home/rimnez/.m2/repository/org/springframework/spring-tx/5.2.7.RELEASE/spring-tx-5.2.7.RELEASE.jar:/home/rimnez/.m2/repository/org/springframework/data/spring-data-commons/2.3.1.RELEASE/spring-data-commons-2.3.1.RELEASE.jar:/home/rimnez/.m2/repository/org/elasticsearch/plugin/transport-netty4-client/7.6.2/transport-netty4-client-7.6.2.jar:/home/rimnez/.m2/repository/io/netty/netty-buffer/4.1.50.Final/netty-buffer-4.1.50.Final.jar:/home/rimnez/.m2/repository/io/netty/netty-codec/4.1.50.Final/netty-codec-4.1.50.Final.jar:/home/rimnez/.m2/repository/io/netty/netty-codec-http/4.1.50.Final/netty-codec-http-4.1.50.Final.jar:/home/rimnez/.m2/repository/io/netty/netty-common/4.1.50.Final/netty-common-4.1.50.Final.jar:/home/rimnez/.m2/repository/io/netty/netty-handler/4.1.50.Final/netty-handler-4.1.50.Final.jar:/home/rimnez/.m2/repository/io/netty/netty-resolver/4.1.50.Final/netty-resolver-4.1.50.Final.jar:/home/rimnez/.m2/repository/io/netty/netty-transport/4.1.50.Final/netty-transport-4.1.50.Final.jar:/home/rimnez/.m2/repository/org/elasticsearch/client/elasticsearch-rest-high-level-client/7.6.2/elasticsearch-rest-high-level-client-7.6.2.jar:/home/rimnez/.m2/repository/org/elasticsearch/elasticsearch/7.6.2/elasticsearch-7.6.2.jar:/home/rimnez/.m2/repository/org/elasticsearch/elasticsearch-core/7.6.2/elasticsearch-core-7.6.2.jar:/home/rimnez/.m2/repository/org/elasticsearch/elasticsearch-secure-sm/7.6.2/elasticsearch-secure-sm-7.6.2.jar:/home/rimnez/.m2/repository/org/elasticsearch/elasticsearch-x-content/7.6.2/elasticsearch-x-content-7.6.2.jar:/home/rimnez/.m2/repository/com/fasterxml/jackson/dataformat/jackson-dataformat-smile/2.11.0/jackson-dataformat-smile-2.11.0.jar:/home/rimnez/.m2/repository/com/fasterxml/jackson/dataformat/jackson-dataformat-yaml/2.11.0/jackson-dataformat-yaml-2.11.0.jar:/home/rimnez/.m2/repository/com/fasterxml/jackson/dataformat/jackson-dataformat-cbor/2.11.0/jackson-dataformat-cbor-2.11.0.jar:/home/rimnez/.m2/repository/org/elasticsearch/elasticsearch-geo/7.6.2/elasticsearch-geo-7.6.2.jar:/home/rimnez/.m2/repository/org/apache/lucene/lucene-core/8.4.0/lucene-core-8.4.0.jar:/home/rimnez/.m2/repository/org/apache/lucene/lucene-analyzers-common/8.4.0/lucene-analyzers-common-8.4.0.jar:/home/rimnez/.m2/repository/org/apache/lucene/lucene-backward-codecs/8.4.0/lucene-backward-codecs-8.4.0.jar:/home/rimnez/.m2/repository/org/apache/lucene/lucene-grouping/8.4.0/lucene-grouping-8.4.0.jar:/home/rimnez/.m2/repository/org/apache/lucene/lucene-highlighter/8.4.0/lucene-highlighter-8.4.0.jar:/home/rimnez/.m2/repository/org/apache/lucene/lucene-join/8.4.0/lucene-join-8.4.0.jar:/home/rimnez/.m2/repository/org/apache/lucene/lucene-memory/8.4.0/lucene-memory-8.4.0.jar:/home/rimnez/.m2/repository/org/apache/lucene/lucene-misc/8.4.0/lucene-misc-8.4.0.jar:/home/rimnez/.m2/repository/org/apache/lucene/lucene-queries/8.4.0/lucene-queries-8.4.0.jar:/home/rimnez/.m2/repository/org/apache/lucene/lucene-queryparser/8.4.0/lucene-queryparser-8.4.0.jar:/home/rimnez/.m2/repository/org/apache/lucene/lucene-sandbox/8.4.0/lucene-sandbox-8.4.0.jar:/home/rimnez/.m2/repository/org/apache/lucene/lucene-spatial/8.4.0/lucene-spatial-8.4.0.jar:/home/rimnez/.m2/repository/org/apache/lucene/lucene-spatial-extras/8.4.0/lucene-spatial-extras-8.4.0.jar:/home/rimnez/.m2/repository/org/apache/lucene/lucene-spatial3d/8.4.0/lucene-spatial3d-8.4.0.jar:/home/rimnez/.m2/repository/org/apache/lucene/lucene-suggest/8.4.0/lucene-suggest-8.4.0.jar:/home/rimnez/.m2/repository/org/elasticsearch/elasticsearch-cli/7.6.2/elasticsearch-cli-7.6.2.jar:/home/rimnez/.m2/repository/net/sf/jopt-simple/jopt-simple/5.0.2/jopt-simple-5.0.2.jar:/home/rimnez/.m2/repository/com/carrotsearch/hppc/0.8.1/hppc-0.8.1.jar:/home/rimnez/.m2/repository/joda-time/joda-time/2.10.4/joda-time-2.10.4.jar:/home/rimnez/.m2/repository/com/tdunning/t-digest/3.2/t-digest-3.2.jar:/home/rimnez/.m2/repository/org/hdrhistogram/HdrHistogram/2.1.9/HdrHistogram-2.1.9.jar:/home/rimnez/.m2/repository/org/elasticsearch/jna/4.5.1/jna-4.5.1.jar:/home/rimnez/.m2/repository/org/elasticsearch/client/elasticsearch-rest-client/7.6.2/elasticsearch-rest-client-7.6.2.jar:/home/rimnez/.m2/repository/org/apache/httpcomponents/httpclient/4.5.12/httpclient-4.5.12.jar:/home/rimnez/.m2/repository/org/apache/httpcomponents/httpcore/4.4.13/httpcore-4.4.13.jar:/home/rimnez/.m2/repository/org/apache/httpcomponents/httpasyncclient/4.1.4/httpasyncclient-4.1.4.jar:/home/rimnez/.m2/repository/org/apache/httpcomponents/httpcore-nio/4.4.13/httpcore-nio-4.4.13.jar:/home/rimnez/.m2/repository/commons-codec/commons-codec/1.14/commons-codec-1.14.jar:/home/rimnez/.m2/repository/org/elasticsearch/plugin/mapper-extras-client/7.6.2/mapper-extras-client-7.6.2.jar:/home/rimnez/.m2/repository/org/elasticsearch/plugin/parent-join-client/7.6.2/parent-join-client-7.6.2.jar:/home/rimnez/.m2/repository/org/elasticsearch/plugin/aggs-matrix-stats-client/7.6.2/aggs-matrix-stats-client-7.6.2.jar:/home/rimnez/.m2/repository/org/elasticsearch/plugin/rank-eval-client/7.6.2/rank-eval-client-7.6.2.jar:/home/rimnez/.m2/repository/org/elasticsearch/plugin/lang-mustache-client/7.6.2/lang-mustache-client-7.6.2.jar:/home/rimnez/.m2/repository/com/github/spullara/mustache/java/compiler/0.9.6/compiler-0.9.6.jar:/home/rimnez/.m2/repository/com/fasterxml/jackson/core/jackson-core/2.11.0/jackson-core-2.11.0.jar:"/>
    <property name="java.vm.vendor" value="Oracle Corporation"/>
    <property name="sun.arch.data.model" value="64"/>
    <property name="java.vendor.url" value="http://java.oracle.com/"/>
    <property name="user.timezone" value=""/>
    <property name="java.vm.specification.version" value="1.8"/>
    <property name="os.name" value="Linux"/>
    <property name="user.country" value="FR"/>
    <property name="sun.java.launcher" value="SUN_STANDARD"/>
    <property name="sun.boot.library.path" value="/usr/lib/jvm/jdk1.8.0_291/jre/lib/amd64"/>
    <property name="sun.java.command" value="/home/rimnez/ImportFileAPI/target/surefire/surefirebooter1053737527411394902.jar /home/rimnez/ImportFileAPI/target/surefire 2021-08-02T09-35-48_602-jvmRun1 surefire7494149453894421814tmp surefire_03672941727700566061tmp"/>
    <property name="surefire.test.class.path" value="/home/rimnez/ImportFileAPI/target/test-classes:/home/rimnez/ImportFileAPI/target/classes:/home/rimnez/.m2/repository/org/slf4j/slf4j-api/1.7.26/slf4j-api-1.7.26.jar:/home/rimnez/.m2/repository/commons-io/commons-io/2.5/commons-io-2.5.jar:/home/rimnez/.m2/repository/ch/qos/logback/logback-core/1.2.3/logback-core-1.2.3.jar:/home/rimnez/.m2/repository/org/springframework/boot/spring-boot-starter-web/2.3.1.RELEASE/spring-boot-starter-web-2.3.1.RELEASE.jar:/home/rimnez/.m2/repository/org/springframework/boot/spring-boot-starter/2.3.1.RELEASE/spring-boot-starter-2.3.1.RELEASE.jar:/home/rimnez/.m2/repository/org/springframework/boot/spring-boot/2.3.1.RELEASE/spring-boot-2.3.1.RELEASE.jar:/home/rimnez/.m2/repository/org/springframework/boot/spring-boot-autoconfigure/2.3.1.RELEASE/spring-boot-autoconfigure-2.3.1.RELEASE.jar:/home/rimnez/.m2/repository/org/springframework/boot/spring-boot-starter-logging/2.3.1.RELEASE/spring-boot-starter-logging-2.3.1.RELEASE.jar:/home/rimnez/.m2/repository/ch/qos/logback/logback-classic/1.2.3/logback-classic-1.2.3.jar:/home/rimnez/.m2/repository/org/apache/logging/log4j/log4j-to-slf4j/2.13.3/log4j-to-slf4j-2.13.3.jar:/home/rimnez/.m2/repository/org/apache/logging/log4j/log4j-api/2.13.3/log4j-api-2.13.3.jar:/home/rimnez/.m2/repository/org/slf4j/jul-to-slf4j/1.7.30/jul-to-slf4j-1.7.30.jar:/home/rimnez/.m2/repository/jakarta/annotation/jakarta.annotation-api/1.3.5/jakarta.annotation-api-1.3.5.jar:/home/rimnez/.m2/repository/org/yaml/snakeyaml/1.26/snakeyaml-1.26.jar:/home/rimnez/.m2/repository/org/springframework/boot/spring-boot-starter-json/2.3.1.RELEASE/spring-boot-starter-json-2.3.1.RELEASE.jar:/home/rimnez/.m2/repository/com/fasterxml/jackson/core/jackson-databind/2.11.0/jackson-databind-2.11.0.jar:/home/rimnez/.m2/repository/com/fasterxml/jackson/core/jackson-annotations/2.11.0/jackson-annotations-2.11.0.jar:/home/rimnez/.m2/repository/com/fasterxml/jackson/datatype/jackson-datatype-jdk8/2.11.0/jackson-datatype-jdk8-2.11.0.jar:/home/rimnez/.m2/repository/com/fasterxml/jackson/datatype/jackson-datatype-jsr310/2.11.0/jackson-datatype-jsr310-2.11.0.jar:/home/rimnez/.m2/repository/com/fasterxml/jackson/module/jackson-module-parameter-names/2.11.0/jackson-module-parameter-names-2.11.0.jar:/home/rimnez/.m2/repository/org/springframework/boot/spring-boot-starter-tomcat/2.3.1.RELEASE/spring-boot-starter-tomcat-2.3.1.RELEASE.jar:/home/rimnez/.m2/repository/org/apache/tomcat/embed/tomcat-embed-core/9.0.36/tomcat-embed-core-9.0.36.jar:/home/rimnez/.m2/repository/org/glassfish/jakarta.el/3.0.3/jakarta.el-3.0.3.jar:/home/rimnez/.m2/repository/org/apache/tomcat/embed/tomcat-embed-websocket/9.0.36/tomcat-embed-websocket-9.0.36.jar:/home/rimnez/.m2/repository/org/springframework/spring-web/5.2.7.RELEASE/spring-web-5.2.7.RELEASE.jar:/home/rimnez/.m2/repository/org/springframework/spring-beans/5.2.7.RELEASE/spring-beans-5.2.7.RELEASE.jar:/home/rimnez/.m2/repository/org/springframework/spring-webmvc/5.2.7.RELEASE/spring-webmvc-5.2.7.RELEASE.jar:/home/rimnez/.m2/repository/org/springframework/spring-aop/5.2.7.RELEASE/spring-aop-5.2.7.RELEASE.jar:/home/rimnez/.m2/repository/org/springframework/spring-context/5.2.7.RELEASE/spring-context-5.2.7.RELEASE.jar:/home/rimnez/.m2/repository/org/springframework/spring-expression/5.2.7.RELEASE/spring-expression-5.2.7.RELEASE.jar:/home/rimnez/.m2/repository/org/springframework/boot/spring-boot-starter-test/2.3.1.RELEASE/spring-boot-starter-test-2.3.1.RELEASE.jar:/home/rimnez/.m2/repository/org/springframework/boot/spring-boot-test/2.3.1.RELEASE/spring-boot-test-2.3.1.RELEASE.jar:/home/rimnez/.m2/repository/org/springframework/boot/spring-boot-test-autoconfigure/2.3.1.RELEASE/spring-boot-test-autoconfigure-2.3.1.RELEASE.jar:/home/rimnez/.m2/repository/com/jayway/jsonpath/json-path/2.4.0/json-path-2.4.0.jar:/home/rimnez/.m2/repository/net/minidev/json-smart/2.3/json-smart-2.3.jar:/home/rimnez/.m2/repository/net/minidev/accessors-smart/1.2/accessors-smart-1.2.jar:/home/rimnez/.m2/repository/org/ow2/asm/asm/5.0.4/asm-5.0.4.jar:/home/rimnez/.m2/repository/jakarta/xml/bind/jakarta.xml.bind-api/2.3.3/jakarta.xml.bind-api-2.3.3.jar:/home/rimnez/.m2/repository/jakarta/activation/jakarta.activation-api/1.2.2/jakarta.activation-api-1.2.2.jar:/home/rimnez/.m2/repository/org/assertj/assertj-core/3.16.1/assertj-core-3.16.1.jar:/home/rimnez/.m2/repository/org/hamcrest/hamcrest/2.2/hamcrest-2.2.jar:/home/rimnez/.m2/repository/org/junit/jupiter/junit-jupiter/5.6.2/junit-jupiter-5.6.2.jar:/home/rimnez/.m2/repository/org/junit/jupiter/junit-jupiter-api/5.6.2/junit-jupiter-api-5.6.2.jar:/home/rimnez/.m2/repository/org/opentest4j/opentest4j/1.2.0/opentest4j-1.2.0.jar:/home/rimnez/.m2/repository/org/junit/platform/junit-platform-commons/1.6.2/junit-platform-commons-1.6.2.jar:/home/rimnez/.m2/repository/org/junit/jupiter/junit-jupiter-params/5.6.2/junit-jupiter-params-5.6.2.jar:/home/rimnez/.m2/repository/org/junit/jupiter/junit-jupiter-engine/5.6.2/junit-jupiter-engine-5.6.2.jar:/home/rimnez/.m2/repository/org/junit/vintage/junit-vintage-engine/5.6.2/junit-vintage-engine-5.6.2.jar:/home/rimnez/.m2/repository/org/apiguardian/apiguardian-api/1.1.0/apiguardian-api-1.1.0.jar:/home/rimnez/.m2/repository/org/junit/platform/junit-platform-engine/1.6.2/junit-platform-engine-1.6.2.jar:/home/rimnez/.m2/repository/junit/junit/4.13/junit-4.13.jar:/home/rimnez/.m2/repository/org/mockito/mockito-core/3.3.3/mockito-core-3.3.3.jar:/home/rimnez/.m2/repository/net/bytebuddy/byte-buddy/1.10.11/byte-buddy-1.10.11.jar:/home/rimnez/.m2/repository/net/bytebuddy/byte-buddy-agent/1.10.11/byte-buddy-agent-1.10.11.jar:/home/rimnez/.m2/repository/org/objenesis/objenesis/2.6/objenesis-2.6.jar:/home/rimnez/.m2/repository/org/mockito/mockito-junit-jupiter/3.3.3/mockito-junit-jupiter-3.3.3.jar:/home/rimnez/.m2/repository/org/skyscreamer/jsonassert/1.5.0/jsonassert-1.5.0.jar:/home/rimnez/.m2/repository/com/vaadin/external/google/android-json/0.0.20131108.vaadin1/android-json-0.0.20131108.vaadin1.jar:/home/rimnez/.m2/repository/org/springframework/spring-core/5.2.7.RELEASE/spring-core-5.2.7.RELEASE.jar:/home/rimnez/.m2/repository/org/springframework/spring-jcl/5.2.7.RELEASE/spring-jcl-5.2.7.RELEASE.jar:/home/rimnez/.m2/repository/org/springframework/spring-test/5.2.7.RELEASE/spring-test-5.2.7.RELEASE.jar:/home/rimnez/.m2/repository/org/xmlunit/xmlunit-core/2.7.0/xmlunit-core-2.7.0.jar:/home/rimnez/.m2/repository/org/springframework/boot/spring-boot-starter-data-elasticsearch/2.3.1.RELEASE/spring-boot-starter-data-elasticsearch-2.3.1.RELEASE.jar:/home/rimnez/.m2/repository/org/springframework/data/spring-data-elasticsearch/4.0.1.RELEASE/spring-data-elasticsearch-4.0.1.RELEASE.jar:/home/rimnez/.m2/repository/org/springframework/spring-tx/5.2.7.RELEASE/spring-tx-5.2.7.RELEASE.jar:/home/rimnez/.m2/repository/org/springframework/data/spring-data-commons/2.3.1.RELEASE/spring-data-commons-2.3.1.RELEASE.jar:/home/rimnez/.m2/repository/org/elasticsearch/plugin/transport-netty4-client/7.6.2/transport-netty4-client-7.6.2.jar:/home/rimnez/.m2/repository/io/netty/netty-buffer/4.1.50.Final/netty-buffer-4.1.50.Final.jar:/home/rimnez/.m2/repository/io/netty/netty-codec/4.1.50.Final/netty-codec-4.1.50.Final.jar:/home/rimnez/.m2/repository/io/netty/netty-codec-http/4.1.50.Final/netty-codec-http-4.1.50.Final.jar:/home/rimnez/.m2/repository/io/netty/netty-common/4.1.50.Final/netty-common-4.1.50.Final.jar:/home/rimnez/.m2/repository/io/netty/netty-handler/4.1.50.Final/netty-handler-4.1.50.Final.jar:/home/rimnez/.m2/repository/io/netty/netty-resolver/4.1.50.Final/netty-resolver-4.1.50.Final.jar:/home/rimnez/.m2/repository/io/netty/netty-transport/4.1.50.Final/netty-transport-4.1.50.Final.jar:/home/rimnez/.m2/repository/org/elasticsearch/client/elasticsearch-rest-high-level-client/7.6.2/elasticsearch-rest-high-level-client-7.6.2.jar:/home/rimnez/.m2/repository/org/elasticsearch/elasticsearch/7.6.2/elasticsearch-7.6.2.jar:/home/rimnez/.m2/repository/org/elasticsearch/elasticsearch-core/7.6.2/elasticsearch-core-7.6.2.jar:/home/rimnez/.m2/repository/org/elasticsearch/elasticsearch-secure-sm/7.6.2/elasticsearch-secure-sm-7.6.2.jar:/home/rimnez/.m2/repository/org/elasticsearch/elasticsearch-x-content/7.6.2/elasticsearch-x-content-7.6.2.jar:/home/rimnez/.m2/repository/com/fasterxml/jackson/dataformat/jackson-dataformat-smile/2.11.0/jackson-dataformat-smile-2.11.0.jar:/home/rimnez/.m2/repository/com/fasterxml/jackson/dataformat/jackson-dataformat-yaml/2.11.0/jackson-dataformat-yaml-2.11.0.jar:/home/rimnez/.m2/repository/com/fasterxml/jackson/dataformat/jackson-dataformat-cbor/2.11.0/jackson-dataformat-cbor-2.11.0.jar:/home/rimnez/.m2/repository/org/elasticsearch/elasticsearch-geo/7.6.2/elasticsearch-geo-7.6.2.jar:/home/rimnez/.m2/repository/org/apache/lucene/lucene-core/8.4.0/lucene-core-8.4.0.jar:/home/rimnez/.m2/repository/org/apache/lucene/lucene-analyzers-common/8.4.0/lucene-analyzers-common-8.4.0.jar:/home/rimnez/.m2/repository/org/apache/lucene/lucene-backward-codecs/8.4.0/lucene-backward-codecs-8.4.0.jar:/home/rimnez/.m2/repository/org/apache/lucene/lucene-grouping/8.4.0/lucene-grouping-8.4.0.jar:/home/rimnez/.m2/repository/org/apache/lucene/lucene-highlighter/8.4.0/lucene-highlighter-8.4.0.jar:/home/rimnez/.m2/repository/org/apache/lucene/lucene-join/8.4.0/lucene-join-8.4.0.jar:/home/rimnez/.m2/repository/org/apache/lucene/lucene-memory/8.4.0/lucene-memory-8.4.0.jar:/home/rimnez/.m2/repository/org/apache/lucene/lucene-misc/8.4.0/lucene-misc-8.4.0.jar:/home/rimnez/.m2/repository/org/apache/lucene/lucene-queries/8.4.0/lucene-queries-8.4.0.jar:/home/rimnez/.m2/repository/org/apache/lucene/lucene-queryparser/8.4.0/lucene-queryparser-8.4.0.jar:/home/rimnez/.m2/repository/org/apache/lucene/lucene-sandbox/8.4.0/lucene-sandbox-8.4.0.jar:/home/rimnez/.m2/repository/org/apache/lucene/lucene-spatial/8.4.0/lucene-spatial-8.4.0.jar:/home/rimnez/.m2/repository/org/apache/lucene/lucene-spatial-extras/8.4.0/lucene-spatial-extras-8.4.0.jar:/home/rimnez/.m2/repository/org/apache/lucene/lucene-spatial3d/8.4.0/lucene-spatial3d-8.4.0.jar:/home/rimnez/.m2/repository/org/apache/lucene/lucene-suggest/8.4.0/lucene-suggest-8.4.0.jar:/home/rimnez/.m2/repository/org/elasticsearch/elasticsearch-cli/7.6.2/elasticsearch-cli-7.6.2.jar:/home/rimnez/.m2/repository/net/sf/jopt-simple/jopt-simple/5.0.2/jopt-simple-5.0.2.jar:/home/rimnez/.m2/repository/com/carrotsearch/hppc/0.8.1/hppc-0.8.1.jar:/home/rimnez/.m2/repository/joda-time/joda-time/2.10.4/joda-time-2.10.4.jar:/home/rimnez/.m2/repository/com/tdunning/t-digest/3.2/t-digest-3.2.jar:/home/rimnez/.m2/repository/org/hdrhistogram/HdrHistogram/2.1.9/HdrHistogram-2.1.9.jar:/home/rimnez/.m2/repository/org/elasticsearch/jna/4.5.1/jna-4.5.1.jar:/home/rimnez/.m2/repository/org/elasticsearch/client/elasticsearch-rest-client/7.6.2/elasticsearch-rest-client-7.6.2.jar:/home/rimnez/.m2/repository/org/apache/httpcomponents/httpclient/4.5.12/httpclient-4.5.12.jar:/home/rimnez/.m2/repository/org/apache/httpcomponents/httpcore/4.4.13/httpcore-4.4.13.jar:/home/rimnez/.m2/repository/org/apache/httpcomponents/httpasyncclient/4.1.4/httpasyncclient-4.1.4.jar:/home/rimnez/.m2/repository/org/apache/httpcomponents/httpcore-nio/4.4.13/httpcore-nio-4.4.13.jar:/home/rimnez/.m2/repository/commons-codec/commons-codec/1.14/commons-codec-1.14.jar:/home/rimnez/.m2/repository/org/elasticsearch/plugin/mapper-extras-client/7.6.2/mapper-extras-client-7.6.2.jar:/home/rimnez/.m2/repository/org/elasticsearch/plugin/parent-join-client/7.6.2/parent-join-client-7.6.2.jar:/home/rimnez/.m2/repository/org/elasticsearch/plugin/aggs-matrix-stats-client/7.6.2/aggs-matrix-stats-client-7.6.2.jar:/home/rimnez/.m2/repository/org/elasticsearch/plugin/rank-eval-client/7.6.2/rank-eval-client-7.6.2.jar:/home/rimnez/.m2/repository/org/elasticsearch/plugin/lang-mustache-client/7.6.2/lang-mustache-client-7.6.2.jar:/home/rimnez/.m2/repository/com/github/spullara/mustache/java/compiler/0.9.6/compiler-0.9.6.jar:/home/rimnez/.m2/repository/com/fasterxml/jackson/core/jackson-core/2.11.0/jackson-core-2.11.0.jar:"/>
    <property name="sun.cpu.endian" value="little"/>
    <property name="user.home" value="/home/rimnez"/>
    <property name="user.language" value="fr"/>
    <property name="java.specification.vendor" value="Oracle Corporation"/>
    <property name="java.home" value="/usr/lib/jvm/jdk1.8.0_291/jre"/>
    <property name="basedir" value="/home/rimnez/ImportFileAPI"/>
    <property name="file.separator" value="/"/>
    <property name="line.separator" value="&#10;"/>
    <property name="java.vm.specification.vendor" value="Oracle Corporation"/>
    <property name="java.specification.name" value="Java Platform API Specification"/>
    <property name="java.awt.graphicsenv" value="sun.awt.X11GraphicsEnvironment"/>
    <property name="surefire.real.class.path" value="/home/rimnez/ImportFileAPI/target/surefire/surefirebooter1053737527411394902.jar"/>
    <property name="sun.boot.class.path" value="/usr/lib/jvm/jdk1.8.0_291/jre/lib/resources.jar:/usr/lib/jvm/jdk1.8.0_291/jre/lib/rt.jar:/usr/lib/jvm/jdk1.8.0_291/jre/lib/sunrsasign.jar:/usr/lib/jvm/jdk1.8.0_291/jre/lib/jsse.jar:/usr/lib/jvm/jdk1.8.0_291/jre/lib/jce.jar:/usr/lib/jvm/jdk1.8.0_291/jre/lib/charsets.jar:/usr/lib/jvm/jdk1.8.0_291/jre/lib/jfr.jar:/usr/lib/jvm/jdk1.8.0_291/jre/classes"/>
    <property name="sun.management.compiler" value="HotSpot 64-Bit Tiered Compilers"/>
    <property name="java.runtime.version" value="1.8.0_291-b10"/>
    <property name="user.name" value="rimnez"/>
    <property name="path.separator" value=":"/>
    <property name="os.version" value="5.8.0-63-generic"/>
    <property name="java.endorsed.dirs" value="/usr/lib/jvm/jdk1.8.0_291/jre/lib/endorsed"/>
    <property name="java.runtime.name" value="Java(TM) SE Runtime Environment"/>
    <property name="file.encoding" value="UTF-8"/>
    <property name="java.vm.name" value="Java HotSpot(TM) 64-Bit Server VM"/>
    <property name="localRepository" value="/home/rimnez/.m2/repository"/>
    <property name="java.vendor.url.bug" value="http://bugreport.sun.com/bugreport/"/>
    <property name="java.io.tmpdir" value="/tmp"/>
    <property name="idea.version" value="2021.2"/>
    <property name="java.version" value="1.8.0_291"/>
    <property name="user.dir" value="/home/rimnez/ImportFileAPI"/>
    <property name="os.arch" value="amd64"/>
    <property name="java.vm.specification.name" value="Java Virtual Machine Specification"/>
    <property name="java.awt.printerjob" value="sun.print.PSPrinterJob"/>
    <property name="sun.os.patch.level" value="unknown"/>
    <property name="java.library.path" value="/usr/java/packages/lib/amd64:/usr/lib64:/lib64:/lib:/usr/lib"/>
    <property name="java.vm.info" value="mixed mode"/>
    <property name="java.vendor" value="Oracle Corporation"/>
    <property name="java.vm.version" value="25.291-b10"/>
    <property name="java.ext.dirs" value="/usr/lib/jvm/jdk1.8.0_291/jre/lib/ext:/usr/java/packages/lib/ext"/>
    <property name="sun.io.unicode.encoding" value="UnicodeLittle"/>
    <property name="java.class.version" value="52.0"/>
  </properties>
  <testcase name="calculate_discount_seniority_5_OK_Test" classname="com.leyton.utils.DiscountUtilsTest" time="0.108"/>
  <testcase name="calculate_discount_seniority_5_KO_Test" classname="com.leyton.utils.DiscountUtilsTest" time="0"/>
  <testcase name="calculate_discount_small_seniority_OK_test" classname="com.leyton.utils.DiscountUtilsTest" time="0.001"/>
  <testcase name="calculate_discount_small_seniority_KO_test" classname="com.leyton.utils.DiscountUtilsTest" time="0.001"/>
  <testcase name="calculate_discount_big_seniority_OK_test" classname="com.leyton.utils.DiscountUtilsTest" time="0"/>
  <testcase name="calculate_discount_seniority_between_3_and_5_OK_test" classname="com.leyton.utils.DiscountUtilsTest" time="0.001"/>
</testsuite>